<?xml version="1.0" encoding="UTF-8"?>
<!-- Generated by org.testng.reporters.JUnitXMLReporter -->
<testsuite ignored="0" hostname="RAHUL-BARIK" failures="0" tests="5" name="Default test" time="26.15" errors="0" timestamp="2024-10-20T16:58:59 IST">
  <testcase classname="TestScripts.InvalidLogin" name="ToInvalidLogin" time="0.894"/>
  <testcase classname="TestScripts.InvalidLogin" name="ToInvalidLogin" time="0.721"/>
  <testcase classname="TestScripts.InvalidLogin" name="ToInvalidLogin" time="0.726"/>
  <testcase classname="TestScripts.InvalidLogin" name="ToInvalidLogin" time="0.736"/>
  <testcase classname="TestScripts.InvalidLogin" name="ToInvalidLogin" time="2.861"/>
</testsuite> <!-- Default test -->
