<?xml version="1.0" encoding="UTF-8"?>
<testng-results ignored="0" total="5" passed="5" failed="0" skipped="0">
  <reporter-output>
    <line>
      <![CDATA[Server Connected Successfully]]>
    </line>
    <line>
      <![CDATA[Database Connected Successfully]]>
    </line>
    <line>
      <![CDATA[LaunchingChrome Successfully]]>
    </line>
    <line>
      <![CDATA[browser closed successfully]]>
    </line>
    <line>
      <![CDATA[Database closed successfully]]>
    </line>
    <line>
      <![CDATA[Window close successfully]]>
    </line>
  </reporter-output>
  <suite started-at="2024-10-20T16:58:33 IST" name="Default suite" finished-at="2024-10-20T16:58:59 IST" duration-ms="26150">
    <groups>
    </groups>
    <test started-at="2024-10-20T16:58:33 IST" name="Default test" finished-at="2024-10-20T16:58:59 IST" duration-ms="26150">
      <class name="TestScripts.InvalidLogin">
        <test-method is-config="true" signature="toConnectServer()[pri:0, instance:TestScripts.InvalidLogin@22ef9844]" started-at="2024-10-20T16:58:33 IST" name="toConnectServer" finished-at="2024-10-20T16:58:33 IST" duration-ms="8" status="PASS">
          <reporter-output>
            <line>
              <![CDATA[Server Connected Successfully]]>
            </line>
          </reporter-output>
        </test-method> <!-- toConnectServer -->
        <test-method is-config="true" signature="toConnectDatabase()[pri:0, instance:TestScripts.InvalidLogin@22ef9844]" started-at="2024-10-20T16:58:33 IST" name="toConnectDatabase" finished-at="2024-10-20T16:58:33 IST" duration-ms="1" status="PASS">
          <reporter-output>
            <line>
              <![CDATA[Database Connected Successfully]]>
            </line>
          </reporter-output>
        </test-method> <!-- toConnectDatabase -->
        <test-method is-config="true" signature="SetUp()[pri:0, instance:TestScripts.InvalidLogin@22ef9844]" started-at="2024-10-20T16:58:33 IST" name="SetUp" finished-at="2024-10-20T16:58:53 IST" duration-ms="19891" status="PASS">
          <reporter-output>
            <line>
              <![CDATA[LaunchingChrome Successfully]]>
            </line>
          </reporter-output>
        </test-method> <!-- SetUp -->
        <test-method signature="ToInvalidLogin(java.lang.String, java.lang.String)[pri:0, instance:TestScripts.InvalidLogin@22ef9844]" started-at="2024-10-20T16:58:53 IST" name="ToInvalidLogin" data-provider="TestData" finished-at="2024-10-20T16:58:54 IST" duration-ms="894" status="PASS">
          <params>
            <param index="0">
              <value>
                <![CDATA[Rahul]]>
              </value>
            </param>
            <param index="1">
              <value>
                <![CDATA[Rahul@481]]>
              </value>
            </param>
          </params>
          <reporter-output>
          </reporter-output>
        </test-method> <!-- ToInvalidLogin -->
        <test-method signature="ToInvalidLogin(java.lang.String, java.lang.String)[pri:0, instance:TestScripts.InvalidLogin@22ef9844]" started-at="2024-10-20T16:58:54 IST" name="ToInvalidLogin" data-provider="TestData" finished-at="2024-10-20T16:58:54 IST" duration-ms="721" status="PASS">
          <params>
            <param index="0">
              <value>
                <![CDATA[Rahegul]]>
              </value>
            </param>
            <param index="1">
              <value>
                <![CDATA[Rahulfefe]]>
              </value>
            </param>
          </params>
          <reporter-output>
          </reporter-output>
        </test-method> <!-- ToInvalidLogin -->
        <test-method signature="ToInvalidLogin(java.lang.String, java.lang.String)[pri:0, instance:TestScripts.InvalidLogin@22ef9844]" started-at="2024-10-20T16:58:54 IST" name="ToInvalidLogin" data-provider="TestData" finished-at="2024-10-20T16:58:55 IST" duration-ms="726" status="PASS">
          <params>
            <param index="0">
              <value>
                <![CDATA[Rahuededel]]>
              </value>
            </param>
            <param index="1">
              <value>
                <![CDATA[Rahwswsul]]>
              </value>
            </param>
          </params>
          <reporter-output>
          </reporter-output>
        </test-method> <!-- ToInvalidLogin -->
        <test-method signature="ToInvalidLogin(java.lang.String, java.lang.String)[pri:0, instance:TestScripts.InvalidLogin@22ef9844]" started-at="2024-10-20T16:58:55 IST" name="ToInvalidLogin" data-provider="TestData" finished-at="2024-10-20T16:58:56 IST" duration-ms="736" status="PASS">
          <params>
            <param index="0">
              <value>
                <![CDATA[Rawewewhul]]>
              </value>
            </param>
            <param index="1">
              <value>
                <![CDATA[Rahuvcfvgrtl]]>
              </value>
            </param>
          </params>
          <reporter-output>
          </reporter-output>
        </test-method> <!-- ToInvalidLogin -->
        <test-method signature="ToInvalidLogin(java.lang.String, java.lang.String)[pri:0, instance:TestScripts.InvalidLogin@22ef9844]" started-at="2024-10-20T16:58:56 IST" name="ToInvalidLogin" data-provider="TestData" finished-at="2024-10-20T16:58:59 IST" duration-ms="2861" status="PASS">
          <params>
            <param index="0">
              <value>
                <![CDATA[Rahu232l]]>
              </value>
            </param>
            <param index="1">
              <value>
                <![CDATA[Rahudsdsl]]>
              </value>
            </param>
          </params>
          <reporter-output>
          </reporter-output>
        </test-method> <!-- ToInvalidLogin -->
        <test-method is-config="true" signature="tearDown()[pri:0, instance:TestScripts.InvalidLogin@22ef9844]" started-at="2024-10-20T16:58:59 IST" name="tearDown" finished-at="2024-10-20T16:58:59 IST" duration-ms="258" status="PASS">
          <reporter-output>
            <line>
              <![CDATA[browser closed successfully]]>
            </line>
          </reporter-output>
        </test-method> <!-- tearDown -->
        <test-method is-config="true" signature="toCloseDatabase()[pri:0, instance:TestScripts.InvalidLogin@22ef9844]" started-at="2024-10-20T16:58:59 IST" name="toCloseDatabase" finished-at="2024-10-20T16:58:59 IST" duration-ms="0" status="PASS">
          <reporter-output>
            <line>
              <![CDATA[Database closed successfully]]>
            </line>
          </reporter-output>
        </test-method> <!-- toCloseDatabase -->
        <test-method is-config="true" signature="toCloseSuite()[pri:0, instance:TestScripts.InvalidLogin@22ef9844]" started-at="2024-10-20T16:58:59 IST" name="toCloseSuite" finished-at="2024-10-20T16:58:59 IST" duration-ms="1" status="PASS">
          <reporter-output>
            <line>
              <![CDATA[Window close successfully]]>
            </line>
          </reporter-output>
        </test-method> <!-- toCloseSuite -->
      </class> <!-- TestScripts.InvalidLogin -->
    </test> <!-- Default test -->
  </suite> <!-- Default suite -->
</testng-results>
